2021-04-22 03:04:04.236  INFO 10628 --- [restartedMain] o.s.b.a.w.s.WelcomePageHandlerMapping    : Adding welcome page template: index
2021-04-22 03:04:04.335  INFO 10628 --- [restartedMain] o.s.b.d.a.OptionalLiveReloadServer       : LiveReload server is running on port 35729
2021-04-22 03:04:04.351  INFO 10628 --- [restartedMain] o.s.b.w.embedded.tomcat.TomcatWebServer  : Tomcat started on port(s): 8080 (http) with context path ''
2021-04-22 03:04:04.355  INFO 10628 --- [restartedMain] dgut.wzc.community.CommunityApplication  : Started CommunityApplication in 1.747 seconds (JVM running for 147.393)
2021-04-22 03:04:04.356  INFO 10628 --- [restartedMain] .ConditionEvaluationDeltaLoggingListener : Condition evaluation unchanged
2021-04-22 03:04:43.813  INFO 3216 --- [restartedMain] dgut.wzc.community.CommunityApplication  : Starting CommunityApplication using Java 1.8.0_221 on DESKTOP-FPAC56E with PID 3216 (E:\graduation project\community\target\classes started by 23532 in E:\graduation project\community)
2021-04-22 03:04:43.816  INFO 3216 --- [restartedMain] dgut.wzc.community.CommunityApplication  : No active profile set, falling back to default profiles: default
2021-04-22 03:04:43.986  INFO 3216 --- [restartedMain] .e.DevToolsPropertyDefaultsPostProcessor : Devtools property defaults active! Set 'spring.devtools.add-properties' to 'false' to disable
2021-04-22 03:04:43.989  INFO 3216 --- [restartedMain] .e.DevToolsPropertyDefaultsPostProcessor : For additional web related logging consider setting the 'logging.level.web' property to 'DEBUG'
2021-04-22 03:04:44.100  WARN 3216 --- [background-preinit] o.s.h.c.j.Jackson2ObjectMapperBuilder    : For Jackson Kotlin classes support please add "com.fasterxml.jackson.module:jackson-module-kotlin" to the classpath
2021-04-22 03:04:46.184  INFO 3216 --- [restartedMain] o.s.b.w.embedded.tomcat.TomcatWebServer  : Tomcat initialized with port(s): 8080 (http)
2021-04-22 03:04:46.208  INFO 3216 --- [restartedMain] o.apache.catalina.core.StandardService   : Starting service [Tomcat]
2021-04-22 03:04:46.209  INFO 3216 --- [restartedMain] org.apache.catalina.core.StandardEngine  : Starting Servlet engine: [Apache Tomcat/9.0.43]
2021-04-22 03:04:46.211  INFO 3216 --- [restartedMain] o.a.catalina.core.AprLifecycleListener   : Loaded Apache Tomcat Native library [1.2.23] using APR version [1.7.0].
2021-04-22 03:04:46.212  INFO 3216 --- [restartedMain] o.a.catalina.core.AprLifecycleListener   : APR capabilities: IPv6 [true], sendfile [true], accept filters [false], random [true].
2021-04-22 03:04:46.212  INFO 3216 --- [restartedMain] o.a.catalina.core.AprLifecycleListener   : APR/OpenSSL configuration: useAprConnector [false], useOpenSSL [true]
2021-04-22 03:04:46.216  INFO 3216 --- [restartedMain] o.a.catalina.core.AprLifecycleListener   : OpenSSL successfully initialized [OpenSSL 1.1.1c  28 May 2019]
2021-04-22 03:04:46.325  INFO 3216 --- [restartedMain] o.a.c.c.C.[Tomcat].[localhost].[/]       : Initializing Spring embedded WebApplicationContext
2021-04-22 03:04:46.326  INFO 3216 --- [restartedMain] w.s.c.ServletWebServerApplicationContext : Root WebApplicationContext: initialization completed in 2333 ms
2021-04-22 03:04:46.416  INFO 3216 --- [restartedMain] com.zaxxer.hikari.HikariDataSource       : HikariPool-1 - Starting...
2021-04-22 03:04:46.658  INFO 3216 --- [restartedMain] com.zaxxer.hikari.HikariDataSource       : HikariPool-1 - Start completed.
2021-04-22 03:04:46.666  INFO 3216 --- [restartedMain] o.s.b.a.h2.H2ConsoleAutoConfiguration    : H2 console available at '/h2-console'. Database available at 'jdbc:h2:~/community'
2021-04-22 03:04:48.049  INFO 3216 --- [restartedMain] o.s.s.concurrent.ThreadPoolTaskExecutor  : Initializing ExecutorService 'applicationTaskExecutor'
2021-04-22 03:04:48.276  INFO 3216 --- [restartedMain] o.s.b.a.w.s.WelcomePageHandlerMapping    : Adding welcome page template: index
2021-04-22 03:04:48.945  INFO 3216 --- [restartedMain] o.s.b.d.a.OptionalLiveReloadServer       : LiveReload server is running on port 35729
2021-04-22 03:04:49.008  INFO 3216 --- [restartedMain] o.s.b.w.embedded.tomcat.TomcatWebServer  : Tomcat started on port(s): 8080 (http) with context path ''
2021-04-22 03:04:49.023  INFO 3216 --- [restartedMain] dgut.wzc.community.CommunityApplication  : Started CommunityApplication in 6.247 seconds (JVM running for 7.992)
2021-04-22 03:07:10.069  INFO 3216 --- [Thread-18] o.s.s.concurrent.ThreadPoolTaskExecutor  : Shutting down ExecutorService 'applicationTaskExecutor'
2021-04-22 03:07:10.071  INFO 3216 --- [Thread-18] com.zaxxer.hikari.HikariDataSource       : HikariPool-1 - Shutdown initiated...
2021-04-22 03:07:10.113  INFO 3216 --- [Thread-18] com.zaxxer.hikari.HikariDataSource       : HikariPool-1 - Shutdown completed.
2021-04-22 03:07:10.260  INFO 3216 --- [restartedMain] dgut.wzc.community.CommunityApplication  : Starting CommunityApplication using Java 1.8.0_221 on DESKTOP-FPAC56E with PID 3216 (E:\graduation project\community\target\classes started by 23532 in E:\graduation project\community)
2021-04-22 03:07:10.261  INFO 3216 --- [restartedMain] dgut.wzc.community.CommunityApplication  : No active profile set, falling back to default profiles: default
2021-04-22 03:07:10.895  INFO 3216 --- [restartedMain] o.s.b.w.embedded.tomcat.TomcatWebServer  : Tomcat initialized with port(s): 8080 (http)
2021-04-22 03:07:10.896  INFO 3216 --- [restartedMain] o.apache.catalina.core.StandardService   : Starting service [Tomcat]
2021-04-22 03:07:10.899  INFO 3216 --- [restartedMain] org.apache.catalina.core.StandardEngine  : Starting Servlet engine: [Apache Tomcat/9.0.43]
2021-04-22 03:07:10.900  INFO 3216 --- [restartedMain] o.a.catalina.core.AprLifecycleListener   : Loaded Apache Tomcat Native library [1.2.23] using APR version [1.7.0].
2021-04-22 03:07:10.901  INFO 3216 --- [restartedMain] o.a.catalina.core.AprLifecycleListener   : APR capabilities: IPv6 [true], sendfile [true], accept filters [false], random [true].
2021-04-22 03:07:10.901  INFO 3216 --- [restartedMain] o.a.catalina.core.AprLifecycleListener   : APR/OpenSSL configuration: useAprConnector [false], useOpenSSL [true]
2021-04-22 03:07:10.901  INFO 3216 --- [restartedMain] o.a.catalina.core.AprLifecycleListener   : OpenSSL successfully initialized [OpenSSL 1.1.1c  28 May 2019]
2021-04-22 03:07:10.942  INFO 3216 --- [restartedMain] o.a.c.c.C.[Tomcat].[localhost].[/]       : Initializing Spring embedded WebApplicationContext
2021-04-22 03:07:10.942  INFO 3216 --- [restartedMain] w.s.c.ServletWebServerApplicationContext : Root WebApplicationContext: initialization completed in 678 ms
2021-04-22 03:07:10.970  INFO 3216 --- [restartedMain] com.zaxxer.hikari.HikariDataSource       : HikariPool-2 - Starting...
2021-04-22 03:07:10.979  INFO 3216 --- [restartedMain] com.zaxxer.hikari.HikariDataSource       : HikariPool-2 - Start completed.
2021-04-22 03:07:10.980  INFO 3216 --- [restartedMain] o.s.b.a.h2.H2ConsoleAutoConfiguration    : H2 console available at '/h2-console'. Database available at 'jdbc:h2:~/community'
2021-04-22 03:07:11.224  INFO 3216 --- [restartedMain] o.s.s.concurrent.ThreadPoolTaskExecutor  : Initializing ExecutorService 'applicationTaskExecutor'
2021-04-22 03:07:11.244  INFO 3216 --- [restartedMain] o.s.b.a.w.s.WelcomePageHandlerMapping    : Adding welcome page template: index
2021-04-22 03:07:11.308  INFO 3216 --- [restartedMain] o.s.b.d.a.OptionalLiveReloadServer       : LiveReload server is running on port 35729
2021-04-22 03:07:11.323  INFO 3216 --- [restartedMain] o.s.b.w.embedded.tomcat.TomcatWebServer  : Tomcat started on port(s): 8080 (http) with context path ''
2021-04-22 03:07:11.328  INFO 3216 --- [restartedMain] dgut.wzc.community.CommunityApplication  : Started CommunityApplication in 1.107 seconds (JVM running for 150.297)
2021-04-22 03:07:11.330  INFO 3216 --- [restartedMain] .ConditionEvaluationDeltaLoggingListener : Condition evaluation unchanged
